<?xml version="1.0" encoding="UTF-8"?>
<testsuite name="io.reflectoring.reviewapp.adapter.persistence.BookPersistenceAdapterTest" tests="2" skipped="0" failures="0" errors="0" timestamp="2020-05-28T21:09:05" hostname="DESKTOP-PH65S03" time="0.082">
  <properties/>
  <testcase name="savesBook()" classname="io.reflectoring.reviewapp.adapter.persistence.BookPersistenceAdapterTest" time="0.059"/>
  <testcase name="findBookByTitle()" classname="io.reflectoring.reviewapp.adapter.persistence.BookPersistenceAdapterTest" time="0.021"/>
  <system-out><![CDATA[2020-05-28 22:09:05.529  INFO 13548 --- [    Test worker] .t.a.d.j.DataJdbcTestContextBootstrapper : Neither @ContextConfiguration nor @ContextHierarchy found for test class [io.reflectoring.reviewapp.adapter.persistence.BookPersistenceAdapterTest], using SpringBootContextLoader
2020-05-28 22:09:05.530  INFO 13548 --- [    Test worker] o.s.t.c.support.AbstractContextLoader    : Could not detect default resource locations for test class [io.reflectoring.reviewapp.adapter.persistence.BookPersistenceAdapterTest]: no resource found for suffixes {-context.xml, Context.groovy}.
2020-05-28 22:09:05.531  INFO 13548 --- [    Test worker] t.c.s.AnnotationConfigContextLoaderUtils : Could not detect default configuration classes for test class [io.reflectoring.reviewapp.adapter.persistence.BookPersistenceAdapterTest]: BookPersistenceAdapterTest does not declare any static, non-private, non-final, nested classes annotated with @Configuration.
2020-05-28 22:09:05.537  INFO 13548 --- [    Test worker] .b.t.c.SpringBootTestContextBootstrapper : Found @SpringBootConfiguration io.reflectoring.reviewapp.adapter.persistence.PersistenceAdapterTestConfiguration for test class io.reflectoring.reviewapp.adapter.persistence.BookPersistenceAdapterTest
2020-05-28 22:09:05.537  INFO 13548 --- [    Test worker] .t.a.d.j.DataJdbcTestContextBootstrapper : Loaded default TestExecutionListener class names from location [META-INF/spring.factories]: [org.springframework.boot.test.autoconfigure.restdocs.RestDocsTestExecutionListener, org.springframework.boot.test.autoconfigure.web.client.MockRestServiceServerResetTestExecutionListener, org.springframework.boot.test.autoconfigure.web.servlet.MockMvcPrintOnlyOnFailureTestExecutionListener, org.springframework.boot.test.autoconfigure.web.servlet.WebDriverTestExecutionListener, org.springframework.boot.test.mock.mockito.MockitoTestExecutionListener, org.springframework.boot.test.mock.mockito.ResetMocksTestExecutionListener, org.springframework.test.context.web.ServletTestExecutionListener, org.springframework.test.context.support.DirtiesContextBeforeModesTestExecutionListener, org.springframework.test.context.support.DependencyInjectionTestExecutionListener, org.springframework.test.context.support.DirtiesContextTestExecutionListener, org.springframework.test.context.transaction.TransactionalTestExecutionListener, org.springframework.test.context.jdbc.SqlScriptsTestExecutionListener]
2020-05-28 22:09:05.538  INFO 13548 --- [    Test worker] .t.a.d.j.DataJdbcTestContextBootstrapper : Using TestExecutionListeners: [org.springframework.test.context.support.DirtiesContextBeforeModesTestExecutionListener@7596b85b, org.springframework.boot.test.mock.mockito.MockitoTestExecutionListener@34f75200, org.springframework.boot.test.autoconfigure.SpringBootDependencyInjectionTestExecutionListener@7e1e851b, org.springframework.test.context.support.DirtiesContextTestExecutionListener@1b17155a, org.springframework.test.context.transaction.TransactionalTestExecutionListener@5b832203, org.springframework.test.context.jdbc.SqlScriptsTestExecutionListener@55ea0c21, org.springframework.boot.test.autoconfigure.restdocs.RestDocsTestExecutionListener@5f567dda, org.springframework.boot.test.autoconfigure.web.client.MockRestServiceServerResetTestExecutionListener@7c480eaf, org.springframework.boot.test.autoconfigure.web.servlet.MockMvcPrintOnlyOnFailureTestExecutionListener@3e19b81f, org.springframework.boot.test.autoconfigure.web.servlet.WebDriverTestExecutionListener@3b1730f9, org.springframework.boot.test.mock.mockito.ResetMocksTestExecutionListener@574332ec]
2020-05-28 22:09:05.571 DEBUG 13548 --- [    Test worker] o.s.jdbc.core.JdbcTemplate               : Executing SQL update and returning generated keys
2020-05-28 22:09:05.571 DEBUG 13548 --- [    Test worker] o.s.jdbc.core.JdbcTemplate               : Executing prepared SQL statement [INSERT INTO book (title, author_id) VALUES (?, ?)]
2020-05-28 22:09:05.589 DEBUG 13548 --- [    Test worker] o.s.jdbc.core.JdbcTemplate               : Executing prepared SQL query
2020-05-28 22:09:05.590 DEBUG 13548 --- [    Test worker] o.s.jdbc.core.JdbcTemplate               : Executing prepared SQL statement [SELECT book.id AS id, book.title AS title, book.author_id AS author_id FROM book WHERE book.id = ?]
2020-05-28 22:09:05.616 DEBUG 13548 --- [    Test worker] o.s.jdbc.core.JdbcTemplate               : Executing prepared SQL query
2020-05-28 22:09:05.616 DEBUG 13548 --- [    Test worker] o.s.jdbc.core.JdbcTemplate               : Executing prepared SQL statement [select b.* from Book b where b.title = ?]
]]></system-out>
  <system-err><![CDATA[]]></system-err>
</testsuite>
