<?xml version="1.0" encoding="UTF-8"?>
<testsuite name="io.reflectoring.reviewapp.adapter.persistence.AuthorPersistenceAdapterTest" tests="1" skipped="0" failures="0" errors="0" timestamp="2020-05-28T21:09:04" hostname="DESKTOP-PH65S03" time="0.539">
  <properties/>
  <testcase name="findByAuthorId()" classname="io.reflectoring.reviewapp.adapter.persistence.AuthorPersistenceAdapterTest" time="0.539"/>
  <system-out><![CDATA[22:09:02.915 [Test worker] DEBUG org.springframework.test.context.BootstrapUtils - Instantiating CacheAwareContextLoaderDelegate from class [org.springframework.test.context.cache.DefaultCacheAwareContextLoaderDelegate]
22:09:02.933 [Test worker] DEBUG org.springframework.test.context.BootstrapUtils - Instantiating BootstrapContext using constructor [public org.springframework.test.context.support.DefaultBootstrapContext(java.lang.Class,org.springframework.test.context.CacheAwareContextLoaderDelegate)]
22:09:02.950 [Test worker] DEBUG org.springframework.test.context.BootstrapUtils - Instantiating TestContextBootstrapper for test class [io.reflectoring.reviewapp.adapter.persistence.AuthorPersistenceAdapterTest] from class [org.springframework.boot.test.autoconfigure.data.jdbc.DataJdbcTestContextBootstrapper]
22:09:02.960 [Test worker] INFO org.springframework.boot.test.autoconfigure.data.jdbc.DataJdbcTestContextBootstrapper - Neither @ContextConfiguration nor @ContextHierarchy found for test class [io.reflectoring.reviewapp.adapter.persistence.AuthorPersistenceAdapterTest], using SpringBootContextLoader
22:09:02.963 [Test worker] DEBUG org.springframework.test.context.support.AbstractContextLoader - Did not detect default resource location for test class [io.reflectoring.reviewapp.adapter.persistence.AuthorPersistenceAdapterTest]: class path resource [io/reflectoring/reviewapp/adapter/persistence/AuthorPersistenceAdapterTest-context.xml] does not exist
22:09:02.964 [Test worker] DEBUG org.springframework.test.context.support.AbstractContextLoader - Did not detect default resource location for test class [io.reflectoring.reviewapp.adapter.persistence.AuthorPersistenceAdapterTest]: class path resource [io/reflectoring/reviewapp/adapter/persistence/AuthorPersistenceAdapterTestContext.groovy] does not exist
22:09:02.964 [Test worker] INFO org.springframework.test.context.support.AbstractContextLoader - Could not detect default resource locations for test class [io.reflectoring.reviewapp.adapter.persistence.AuthorPersistenceAdapterTest]: no resource found for suffixes {-context.xml, Context.groovy}.
22:09:02.965 [Test worker] INFO org.springframework.test.context.support.AnnotationConfigContextLoaderUtils - Could not detect default configuration classes for test class [io.reflectoring.reviewapp.adapter.persistence.AuthorPersistenceAdapterTest]: AuthorPersistenceAdapterTest does not declare any static, non-private, non-final, nested classes annotated with @Configuration.
22:09:03.037 [Test worker] DEBUG org.springframework.test.context.support.ActiveProfilesUtils - Could not find an 'annotation declaring class' for annotation type [org.springframework.test.context.ActiveProfiles] and class [io.reflectoring.reviewapp.adapter.persistence.AuthorPersistenceAdapterTest]
22:09:03.089 [Test worker] DEBUG org.springframework.context.annotation.ClassPathScanningCandidateComponentProvider - Identified candidate component class: file [D:\Projects\Java\DDD\bookpal\clean-architecture-example\adapters\persistence\build\classes\java\test\io\reflectoring\reviewapp\adapter\persistence\PersistenceAdapterTestConfiguration.class]
22:09:03.102 [Test worker] INFO org.springframework.boot.test.context.SpringBootTestContextBootstrapper - Found @SpringBootConfiguration io.reflectoring.reviewapp.adapter.persistence.PersistenceAdapterTestConfiguration for test class io.reflectoring.reviewapp.adapter.persistence.AuthorPersistenceAdapterTest
22:09:03.104 [Test worker] DEBUG org.springframework.boot.test.autoconfigure.data.jdbc.DataJdbcTestContextBootstrapper - @TestExecutionListeners is not present for class [io.reflectoring.reviewapp.adapter.persistence.AuthorPersistenceAdapterTest]: using defaults.
22:09:03.104 [Test worker] INFO org.springframework.boot.test.autoconfigure.data.jdbc.DataJdbcTestContextBootstrapper - Loaded default TestExecutionListener class names from location [META-INF/spring.factories]: [org.springframework.boot.test.autoconfigure.restdocs.RestDocsTestExecutionListener, org.springframework.boot.test.autoconfigure.web.client.MockRestServiceServerResetTestExecutionListener, org.springframework.boot.test.autoconfigure.web.servlet.MockMvcPrintOnlyOnFailureTestExecutionListener, org.springframework.boot.test.autoconfigure.web.servlet.WebDriverTestExecutionListener, org.springframework.boot.test.mock.mockito.MockitoTestExecutionListener, org.springframework.boot.test.mock.mockito.ResetMocksTestExecutionListener, org.springframework.test.context.web.ServletTestExecutionListener, org.springframework.test.context.support.DirtiesContextBeforeModesTestExecutionListener, org.springframework.test.context.support.DependencyInjectionTestExecutionListener, org.springframework.test.context.support.DirtiesContextTestExecutionListener, org.springframework.test.context.transaction.TransactionalTestExecutionListener, org.springframework.test.context.jdbc.SqlScriptsTestExecutionListener]
22:09:03.112 [Test worker] DEBUG org.springframework.boot.test.autoconfigure.data.jdbc.DataJdbcTestContextBootstrapper - Skipping candidate TestExecutionListener [org.springframework.test.context.web.ServletTestExecutionListener] due to a missing dependency. Specify custom listener classes or make the default listener classes and their required dependencies available. Offending class: [javax/servlet/ServletContext]
22:09:03.119 [Test worker] INFO org.springframework.boot.test.autoconfigure.data.jdbc.DataJdbcTestContextBootstrapper - Using TestExecutionListeners: [org.springframework.test.context.support.DirtiesContextBeforeModesTestExecutionListener@51863033, org.springframework.boot.test.mock.mockito.MockitoTestExecutionListener@7f247394, org.springframework.boot.test.autoconfigure.SpringBootDependencyInjectionTestExecutionListener@5c01dd07, org.springframework.test.context.support.DirtiesContextTestExecutionListener@2b2eb3db, org.springframework.test.context.transaction.TransactionalTestExecutionListener@4b490925, org.springframework.test.context.jdbc.SqlScriptsTestExecutionListener@172d7b0b, org.springframework.boot.test.autoconfigure.restdocs.RestDocsTestExecutionListener@4596750c, org.springframework.boot.test.autoconfigure.web.client.MockRestServiceServerResetTestExecutionListener@1bf8a60e, org.springframework.boot.test.autoconfigure.web.servlet.MockMvcPrintOnlyOnFailureTestExecutionListener@187b9475, org.springframework.boot.test.autoconfigure.web.servlet.WebDriverTestExecutionListener@64f24152, org.springframework.boot.test.mock.mockito.ResetMocksTestExecutionListener@123a66d5]
22:09:03.122 [Test worker] DEBUG org.springframework.test.context.support.AbstractDirtiesContextTestExecutionListener - Before test class: context [DefaultTestContext@659c3b91 testClass = AuthorPersistenceAdapterTest, testInstance = [null], testMethod = [null], testException = [null], mergedContextConfiguration = [MergedContextConfiguration@1fc6f90a testClass = AuthorPersistenceAdapterTest, locations = '{}', classes = '{class io.reflectoring.reviewapp.adapter.persistence.PersistenceAdapterTestConfiguration}', contextInitializerClasses = '[]', activeProfiles = '{}', propertySourceLocations = '{}', propertySourceProperties = '{org.springframework.boot.test.autoconfigure.data.jdbc.DataJdbcTestContextBootstrapper=true}', contextCustomizers = set[de.adesso.junitinsights.spring.BenchmarkContextCustomizerFactory$createContextCustomizer$1@4867d6ee, org.springframework.boot.test.autoconfigure.OverrideAutoConfigurationContextCustomizerFactory$DisableAutoConfigurationContextCustomizer@3b5d8d79, org.springframework.boot.test.autoconfigure.filter.TypeExcludeFiltersContextCustomizer@351584c0, org.springframework.boot.test.autoconfigure.properties.PropertyMappingContextCustomizer@67607321, org.springframework.boot.test.autoconfigure.web.servlet.WebDriverContextCustomizerFactory$Customizer@739f622a, [ImportsContextCustomizer@5a8d9485 key = [org.springframework.boot.autoconfigure.cache.CacheAutoConfiguration, org.springframework.boot.autoconfigure.data.jdbc.JdbcRepositoriesAutoConfiguration, org.springframework.boot.autoconfigure.flyway.FlywayAutoConfiguration, org.springframework.boot.autoconfigure.jdbc.DataSourceAutoConfiguration, org.springframework.boot.autoconfigure.jdbc.DataSourceTransactionManagerAutoConfiguration, org.springframework.boot.autoconfigure.jdbc.JdbcTemplateAutoConfiguration, org.springframework.boot.autoconfigure.liquibase.LiquibaseAutoConfiguration, org.springframework.boot.autoconfigure.transaction.TransactionAutoConfiguration, org.springframework.boot.test.autoconfigure.jdbc.TestDatabaseAutoConfiguration]], org.springframework.boot.test.context.filter.ExcludeFilterContextCustomizer@577281bc, org.springframework.boot.test.json.DuplicateJsonObjectContextCustomizerFactory$DuplicateJsonObjectContextCustomizer@490aef8d, org.springframework.boot.test.mock.mockito.MockitoContextCustomizer@0], contextLoader = 'org.springframework.boot.test.context.SpringBootContextLoader', parent = [null]], attributes = map[[empty]]], class annotated with @DirtiesContext [false] with mode [null].
22:09:03.127 [Test worker] DEBUG org.springframework.test.context.support.DependencyInjectionTestExecutionListener - Performing dependency injection for test context [[DefaultTestContext@659c3b91 testClass = AuthorPersistenceAdapterTest, testInstance = io.reflectoring.reviewapp.adapter.persistence.AuthorPersistenceAdapterTest@4ed25a3f, testMethod = [null], testException = [null], mergedContextConfiguration = [MergedContextConfiguration@1fc6f90a testClass = AuthorPersistenceAdapterTest, locations = '{}', classes = '{class io.reflectoring.reviewapp.adapter.persistence.PersistenceAdapterTestConfiguration}', contextInitializerClasses = '[]', activeProfiles = '{}', propertySourceLocations = '{}', propertySourceProperties = '{org.springframework.boot.test.autoconfigure.data.jdbc.DataJdbcTestContextBootstrapper=true}', contextCustomizers = set[de.adesso.junitinsights.spring.BenchmarkContextCustomizerFactory$createContextCustomizer$1@4867d6ee, org.springframework.boot.test.autoconfigure.OverrideAutoConfigurationContextCustomizerFactory$DisableAutoConfigurationContextCustomizer@3b5d8d79, org.springframework.boot.test.autoconfigure.filter.TypeExcludeFiltersContextCustomizer@351584c0, org.springframework.boot.test.autoconfigure.properties.PropertyMappingContextCustomizer@67607321, org.springframework.boot.test.autoconfigure.web.servlet.WebDriverContextCustomizerFactory$Customizer@739f622a, [ImportsContextCustomizer@5a8d9485 key = [org.springframework.boot.autoconfigure.cache.CacheAutoConfiguration, org.springframework.boot.autoconfigure.data.jdbc.JdbcRepositoriesAutoConfiguration, org.springframework.boot.autoconfigure.flyway.FlywayAutoConfiguration, org.springframework.boot.autoconfigure.jdbc.DataSourceAutoConfiguration, org.springframework.boot.autoconfigure.jdbc.DataSourceTransactionManagerAutoConfiguration, org.springframework.boot.autoconfigure.jdbc.JdbcTemplateAutoConfiguration, org.springframework.boot.autoconfigure.liquibase.LiquibaseAutoConfiguration, org.springframework.boot.autoconfigure.transaction.TransactionAutoConfiguration, org.springframework.boot.test.autoconfigure.jdbc.TestDatabaseAutoConfiguration]], org.springframework.boot.test.context.filter.ExcludeFilterContextCustomizer@577281bc, org.springframework.boot.test.json.DuplicateJsonObjectContextCustomizerFactory$DuplicateJsonObjectContextCustomizer@490aef8d, org.springframework.boot.test.mock.mockito.MockitoContextCustomizer@0], contextLoader = 'org.springframework.boot.test.context.SpringBootContextLoader', parent = [null]], attributes = map[[empty]]]].
22:09:03.224 [Test worker] DEBUG org.springframework.test.context.support.TestPropertySourceUtils - Adding inlined properties to environment: {spring.jmx.enabled=false, org.springframework.boot.test.autoconfigure.data.jdbc.DataJdbcTestContextBootstrapper=true, server.port=-1}

  .   ____          _            __ _ _
 /\\ / ___'_ __ _ _(_)_ __  __ _ \ \ \ \
( ( )\___ | '_ | '_| | '_ \/ _` | \ \ \ \
 \\/  ___)| |_)| | | | | || (_| |  ) ) ) )
  '  |____| .__|_| |_|_| |_\__, | / / / /
 =========|_|==============|___/=/_/_/_/
 :: Spring Boot ::        (v2.1.5.RELEASE)

2020-05-28 22:09:03.527  INFO 13548 --- [    Test worker] i.r.r.a.p.AuthorPersistenceAdapterTest   : Starting AuthorPersistenceAdapterTest on DESKTOP-PH65S03 with PID 13548 (started by Mick in D:\Projects\Java\DDD\bookpal\clean-architecture-example\adapters\persistence)
2020-05-28 22:09:03.530  INFO 13548 --- [    Test worker] i.r.r.a.p.AuthorPersistenceAdapterTest   : No active profile set, falling back to default profiles: default
2020-05-28 22:09:03.832  INFO 13548 --- [    Test worker] .s.d.r.c.RepositoryConfigurationDelegate : Bootstrapping Spring Data repositories in DEFAULT mode.
2020-05-28 22:09:03.891  INFO 13548 --- [    Test worker] .s.d.r.c.RepositoryConfigurationDelegate : Finished Spring Data repository scanning in 54ms. Found 2 repository interfaces.
2020-05-28 22:09:03.971  INFO 13548 --- [    Test worker] beddedDataSourceBeanFactoryPostProcessor : Replacing 'dataSource' DataSource bean with embedded version
2020-05-28 22:09:04.261  INFO 13548 --- [    Test worker] o.s.j.d.e.EmbeddedDatabaseFactory        : Starting embedded database: url='jdbc:h2:mem:d9ecb984-e41a-4268-b4c1-97f9e5f44295;DB_CLOSE_DELAY=-1;DB_CLOSE_ON_EXIT=false', username='sa'
2020-05-28 22:09:04.975  INFO 13548 --- [    Test worker] i.r.r.a.p.AuthorPersistenceAdapterTest   : Started AuthorPersistenceAdapterTest in 1.748 seconds (JVM running for 3.199)
2020-05-28 22:09:05.444 DEBUG 13548 --- [    Test worker] o.s.jdbc.core.JdbcTemplate               : Executing prepared SQL query
2020-05-28 22:09:05.445 DEBUG 13548 --- [    Test worker] o.s.jdbc.core.JdbcTemplate               : Executing prepared SQL statement [SELECT author.id AS id, author.name AS name FROM author WHERE author.id = ?]
]]></system-out>
  <system-err><![CDATA[]]></system-err>
</testsuite>
